epoch,accuracy,loss,val_accuracy,val_loss
0,0.3095310628414154,1.8273184299468994,0.3928944766521454,1.662257194519043
1,0.40923935174942017,1.5776803493499756,0.4066527485847473,1.6271560192108154
2,0.4592241048812866,1.4394325017929077,0.4554162323474884,1.4965729713439941
3,0.49083468317985535,1.362351894378662,0.4481016993522644,1.4808019399642944
4,0.505246639251709,1.3138715028762817,0.4853709638118744,1.3693039417266846
5,0.5183959603309631,1.278065800666809,0.44949495792388916,1.4993938207626343
6,0.5353332757949829,1.2451919317245483,0.44252872467041016,1.5477287769317627
7,0.5431706309318542,1.2193552255630493,0.5355277061462402,1.2520283460617065
8,0.5554491281509399,1.1936758756637573,0.5386624932289124,1.2414637804031372
9,0.5571907758712769,1.1841635704040527,0.5672239661216736,1.1844334602355957
10,0.5631994009017944,1.1674002408981323,0.5649599432945251,1.1879037618637085
11,0.5694692134857178,1.1515384912490845,0.5644374489784241,1.1727310419082642
12,0.5724735260009766,1.139208197593689,0.5489376783370972,1.2417248487472534
13,0.5732137560844421,1.1316301822662354,0.5518983006477356,1.1923316717147827
14,0.5847520232200623,1.112539529800415,0.5804597735404968,1.1471099853515625
15,0.5849697589874268,1.106485366821289,0.5616509914398193,1.200208306312561
16,0.5893238186836243,1.0966933965682983,0.5754092931747437,1.1601051092147827
17,0.5932860374450684,1.0921683311462402,0.5531173944473267,1.1975327730178833
18,0.5938956141471863,1.0807543992996216,0.5783699154853821,1.1469825506210327
19,0.6019941568374634,1.0687979459762573,0.5860327482223511,1.1428487300872803
20,0.5979013442993164,1.069916844367981,0.5889933705329895,1.124391794204712
21,0.6023424863815308,1.0656177997589111,0.5877742767333984,1.0857810974121094
22,0.6082640290260315,1.0537924766540527,0.592476487159729,1.1132731437683105
23,0.6097444295883179,1.0455504655838013,0.590560793876648,1.1303249597549438
24,0.6112248301506042,1.0411677360534668,0.5642633438110352,1.1788532733917236
25,0.6105716824531555,1.0396382808685303,0.6036224365234375,1.0829375982284546
26,0.6076980233192444,1.0385069847106934,0.5700104236602783,1.1819186210632324
27,0.6199764609336853,1.0220669507980347,0.5592128038406372,1.1927751302719116
28,0.6175817251205444,1.0251721143722534,0.593173086643219,1.115816593170166
29,0.6194104552268982,1.0155023336410522,0.5990943908691406,1.0844920873641968
30,0.6203683614730835,1.015194058418274,0.5989202260971069,1.089465618133545
31,0.620107114315033,1.0146522521972656,0.5970045328140259,1.0992367267608643
32,0.6223276853561401,1.0126826763153076,0.5592128038406372,1.1912697553634644
33,0.6255496740341187,0.9978043437004089,0.5952630043029785,1.1305248737335205
34,0.627639651298523,0.9997564554214478,0.6015325784683228,1.0902681350708008
35,0.6243305802345276,0.9948922991752625,0.6156391501426697,1.0575839281082153
36,0.6319501996040344,0.9853922724723816,0.5895158648490906,1.1596649885177612
37,0.629947304725647,0.9920985698699951,0.5963079333305359,1.1118477582931519
38,0.6319937109947205,0.979733407497406,0.6024033427238464,1.0973131656646729
39,0.6339095234870911,0.986678421497345,0.5827237963676453,1.1591496467590332
40,0.6341707706451416,0.9768960475921631,0.5963079333305359,1.0772210359573364
41,0.6383506655693054,0.9755167365074158,0.6191222667694092,1.0486671924591064
42,0.6417033076286316,0.9650721549987793,0.6050156950950623,1.0730623006820679
43,0.6393085718154907,0.9689939022064209,0.5982236266136169,1.12949538230896
44,0.6390473246574402,0.9672353267669678,0.5710553526878357,1.2182226181030273
45,0.6417468786239624,0.9607662558555603,0.6105886697769165,1.0723673105239868
46,0.6421387195587158,0.9566459059715271,0.592476487159729,1.1235023736953735
47,0.6414856314659119,0.9594177603721619,0.6121560335159302,1.064365267753601
48,0.6426612138748169,0.9567787647247314,0.6041448712348938,1.0854642391204834
49,0.6468411087989807,0.9472954869270325,0.6098920106887817,1.0539342164993286
50,0.6475377678871155,0.9501519799232483,0.5999651551246643,1.0921196937561035
51,0.6439674496650696,0.9476761221885681,0.6091954112052917,1.0644930601119995
52,0.6476248502731323,0.946446418762207,0.6172065734863281,1.0466076135635376
53,0.6471459269523621,0.9419092535972595,0.607105553150177,1.1431210041046143
54,0.6491923332214355,0.9416417479515076,0.6022291779518127,1.060490369796753
55,0.6498889923095703,0.9432224631309509,0.6058864593505859,1.1045454740524292
56,0.6528933048248291,0.9368282556533813,0.6114594340324402,1.076996088027954
57,0.653502881526947,0.9309856295585632,0.5886451005935669,1.171207070350647
58,0.6567248702049255,0.9291530251502991,0.6048415303230286,1.074558138847351
59,0.6530674695968628,0.9284348487854004,0.6100661754608154,1.0545954704284668
60,0.6543301343917847,0.9292082190513611,0.6118077039718628,1.0948406457901
61,0.6560717821121216,0.924842119216919,0.6090212464332581,1.0702894926071167
62,0.6581616997718811,0.923149049282074,0.5966562032699585,1.0990304946899414
63,0.6579875349998474,0.9155120849609375,0.6152908205986023,1.041090965270996
64,0.6576827764511108,0.9207690358161926,0.5989202260971069,1.0955748558044434
65,0.6615579128265381,0.9110374450683594,0.631313145160675,1.0296400785446167
66,0.6598597764968872,0.9130340814590454,0.6185997724533081,1.0706297159194946
67,0.6574650406837463,0.9140413403511047,0.6081504821777344,1.1049431562423706
68,0.6666957139968872,0.904619574546814,0.6206896305084229,1.0483332872390747
69,0.6612530946731567,0.9089281558990479,0.6102403402328491,1.0939143896102905
70,0.6648234128952026,0.9076198935508728,0.6175548434257507,1.062912106513977
71,0.6577698588371277,0.9128558039665222,0.6222570538520813,1.0491586923599243
72,0.6660425662994385,0.9046356081962585,0.5914315581321716,1.1310398578643799
73,0.6689597964286804,0.8915663957595825,0.6098920106887817,1.073915958404541
74,0.6638655662536621,0.904003381729126,0.5977011322975159,1.1550021171569824
75,0.6640832424163818,0.8996704816818237,0.6187739372253418,1.0592585802078247
76,0.6639090776443481,0.8989173769950867,0.6107627749443054,1.065700888633728
77,0.667392373085022,0.8902187347412109,0.6144200563430786,1.0726330280303955
78,0.6895545721054077,0.8433185815811157,0.6381052136421204,1.0038678646087646
79,0.6899464726448059,0.838388204574585,0.6342737674713135,1.010494589805603
80,0.6940392851829529,0.8278472423553467,0.6281783580780029,1.011460781097412
81,0.6972612738609314,0.8185272216796875,0.6363636255264282,1.0045329332351685
82,0.6942134499549866,0.8230221271514893,0.6363636255264282,1.0065869092941284
83,0.6981320977210999,0.816371738910675,0.6325322389602661,1.010657787322998
84,0.6970871090888977,0.8132614493370056,0.6330546736717224,1.005309820175171
85,0.6993512511253357,0.810078501701355,0.6346220970153809,1.0098079442977905
86,0.697391927242279,0.8097667098045349,0.6332288384437561,1.0112849473953247
87,0.6993947625160217,0.8083643317222595,0.6325322389602661,1.0088443756103516
88,0.6983933448791504,0.8072637915611267,0.6374085545539856,1.0057257413864136
89,0.7035311460494995,0.8047052621841431,0.6295715570449829,1.018524408340454
90,0.7007445693016052,0.8047071695327759,0.6325322389602661,1.013569712638855
91,0.6999608278274536,0.8049794435501099,0.6323580741882324,1.0089521408081055
92,0.7052727937698364,0.7943282723426819,0.6342737674713135,1.009796142578125
93,0.7035311460494995,0.7950505614280701,0.6342737674713135,1.008902668952942
94,0.7057082056999207,0.8005421757698059,0.6332288384437561,1.007918357849121
95,0.7057082056999207,0.7963879108428955,0.6344479322433472,1.0053749084472656
96,0.7047938108444214,0.7983167767524719,0.6349703669548035,1.0073878765106201
97,0.7000043392181396,0.8049595355987549,0.6339254379272461,1.0064910650253296
98,0.7021813988685608,0.797090470790863,0.6337513327598572,1.00674569606781
99,0.7088866829872131,0.7912406325340271,0.6321839094161987,1.0087138414382935
100,0.7030957341194153,0.7969510555267334,0.6361894607543945,1.006651520729065
101,0.7039665579795837,0.7971925139427185,0.6334030032157898,1.0081076622009277
102,0.7012670636177063,0.7992766499519348,0.6327064037322998,1.0076059103012085
103,0.7083641886711121,0.7904084324836731,0.6337513327598572,1.0086612701416016
104,0.703748881816864,0.7910088300704956,0.6335771679878235,1.0079010725021362
105,0.7004833221435547,0.7947995066642761,0.6325322389602661,1.0094572305679321
106,0.7013976573944092,0.8019731044769287,0.6328805088996887,1.0066572427749634
107,0.7087125182151794,0.788540244102478,0.6328805088996887,1.0078052282333374
108,0.7060129642486572,0.7937146425247192,0.6327064037322998,1.0084935426712036
109,0.7034005522727966,0.7950801253318787,0.6328805088996887,1.008290410041809
110,0.7033134698867798,0.7943156361579895,0.632009744644165,1.0094362497329712
111,0.7056211233139038,0.7955530285835266,0.6321839094161987,1.0087629556655884
112,0.7083206176757812,0.7918437719345093,0.6335771679878235,1.0078098773956299
113,0.7064048647880554,0.7877962589263916,0.6327064037322998,1.0084726810455322
114,0.7040536403656006,0.7984570860862732,0.6332288384437561,1.0064083337783813
115,0.705577552318573,0.7918875217437744,0.6337513327598572,1.007582426071167
116,0.7074933648109436,0.791684627532959,0.6342737674713135,1.0077091455459595
117,0.7059694528579712,0.7969980239868164,0.6334030032157898,1.008137822151184
118,0.7061871290206909,0.7915760278701782,0.6323580741882324,1.0096904039382935
119,0.7059694528579712,0.7910327911376953,0.6337513327598572,1.0076929330825806
120,0.7079287767410278,0.7934540510177612,0.6334030032157898,1.0082943439483643
121,0.7091914415359497,0.7921800017356873,0.6327064037322998,1.009347915649414
122,0.7027909755706787,0.8006270527839661,0.6325322389602661,1.0092854499816895
123,0.704445481300354,0.7973847389221191,0.6334030032157898,1.0080606937408447
124,0.7058823704719543,0.7900983095169067,0.6327064037322998,1.0079678297042847
125,0.7114990949630737,0.7881207466125488,0.6337513327598572,1.0082006454467773
126,0.7074062824249268,0.7922650575637817,0.6335771679878235,1.0075947046279907
127,0.7057952880859375,0.7939250469207764,0.6328805088996887,1.0083718299865723
128,0.7064483761787415,0.7898480296134949,0.6335771679878235,1.007949709892273
